[debug] [2020-04-13T06:30:08.809Z] ----------------------------------------------------------------------
[debug] [2020-04-13T06:30:08.811Z] Command:       /Users/yangtopia/.nvm/versions/node/v13.12.0/bin/node /Users/yangtopia/dev/nexivil/temp/with-firebase-hosting-and-typescript-app/node_modules/.bin/firebase deploy
[debug] [2020-04-13T06:30:08.811Z] CLI Version:   8.0.2
[debug] [2020-04-13T06:30:08.811Z] Platform:      darwin
[debug] [2020-04-13T06:30:08.811Z] Node Version:  v13.12.0
[debug] [2020-04-13T06:30:08.812Z] Time:          Mon Apr 13 2020 15:30:08 GMT+0900 (대한민국 표준시)
[debug] [2020-04-13T06:30:08.812Z] ----------------------------------------------------------------------
[debug] [2020-04-13T06:30:08.812Z] 
[debug] [2020-04-13T06:30:08.818Z] > command requires scopes: ["email","openid","https://www.googleapis.com/auth/cloudplatformprojects.readonly","https://www.googleapis.com/auth/firebase","https://www.googleapis.com/auth/cloud-platform"]
[debug] [2020-04-13T06:30:08.818Z] > authorizing via signed-in user
[debug] [2020-04-13T06:30:08.818Z] [iam] checking project nexivil-wiki-c068c for permissions ["cloudfunctions.functions.create","cloudfunctions.functions.delete","cloudfunctions.functions.get","cloudfunctions.functions.list","cloudfunctions.functions.update","cloudfunctions.operations.get","firebase.projects.get","firebasehosting.sites.update"]
[debug] [2020-04-13T06:30:08.820Z] >>> HTTP REQUEST POST https://cloudresourcemanager.googleapis.com/v1/projects/nexivil-wiki-c068c:testIamPermissions  
 {"permissions":["cloudfunctions.functions.create","cloudfunctions.functions.delete","cloudfunctions.functions.get","cloudfunctions.functions.list","cloudfunctions.functions.update","cloudfunctions.operations.get","firebase.projects.get","firebasehosting.sites.update"]}
[debug] [2020-04-13T06:30:09.638Z] <<< HTTP RESPONSE 200 {"content-type":"application/json; charset=UTF-8","vary":"X-Origin, Referer, Origin,Accept-Encoding","date":"Mon, 13 Apr 2020 06:30:09 GMT","server":"ESF","cache-control":"private","x-xss-protection":"0","x-frame-options":"SAMEORIGIN","x-content-type-options":"nosniff","server-timing":"gfet4t7; dur=654","alt-svc":"quic=\":443\"; ma=2592000; v=\"46,43\",h3-Q050=\":443\"; ma=2592000,h3-Q049=\":443\"; ma=2592000,h3-Q048=\":443\"; ma=2592000,h3-Q046=\":443\"; ma=2592000,h3-Q043=\":443\"; ma=2592000,h3-T050=\":443\"; ma=2592000","accept-ranges":"none","transfer-encoding":"chunked"}
[debug] [2020-04-13T06:30:09.639Z] >>> HTTP REQUEST POST https://iam.googleapis.com/v1/projects/nexivil-wiki-c068c/serviceAccounts/nexivil-wiki-c068c@appspot.gserviceaccount.com:testIamPermissions  
 {"permissions":["iam.serviceAccounts.actAs"]}
[debug] [2020-04-13T06:30:10.102Z] <<< HTTP RESPONSE 200 {"content-type":"application/json; charset=UTF-8","vary":"X-Origin, Referer, Origin,Accept-Encoding","date":"Mon, 13 Apr 2020 06:30:10 GMT","server":"ESF","cache-control":"private","x-xss-protection":"0","x-frame-options":"SAMEORIGIN","x-content-type-options":"nosniff","alt-svc":"quic=\":443\"; ma=2592000; v=\"46,43\",h3-Q050=\":443\"; ma=2592000,h3-Q049=\":443\"; ma=2592000,h3-Q048=\":443\"; ma=2592000,h3-Q046=\":443\"; ma=2592000,h3-Q043=\":443\"; ma=2592000,h3-T050=\":443\"; ma=2592000","accept-ranges":"none","transfer-encoding":"chunked"}
[debug] [2020-04-13T06:30:10.103Z] >>> HTTP REQUEST GET https://firebase.googleapis.com/v1beta1/projects/nexivil-wiki-c068c  
 
[debug] [2020-04-13T06:30:10.767Z] <<< HTTP RESPONSE 200 {"content-type":"application/json; charset=UTF-8","vary":"X-Origin, Referer, Origin,Accept-Encoding","date":"Mon, 13 Apr 2020 06:30:10 GMT","server":"ESF","cache-control":"private","x-xss-protection":"0","x-frame-options":"SAMEORIGIN","x-content-type-options":"nosniff","alt-svc":"quic=\":443\"; ma=2592000; v=\"46,43\",h3-Q050=\":443\"; ma=2592000,h3-Q049=\":443\"; ma=2592000,h3-Q048=\":443\"; ma=2592000,h3-Q046=\":443\"; ma=2592000,h3-Q043=\":443\"; ma=2592000,h3-T050=\":443\"; ma=2592000","accept-ranges":"none","transfer-encoding":"chunked"}
[info] 
[info] === Deploying to 'nexivil-wiki-c068c'...
[info] 
[info] i  deploying functions, hosting
[info] Running command: npm run lint-functions
[info] Running command: npm run lint-app
[info] Running command: npm run typecheck-app
[info] Running command: npm run build-functions
[info] Running command: npm run build-app
[info] Running command: npm run copy-deps
[info] Running command: npm run install-deps
[info] ✔  functions: Finished running predeploy script.
[info] Running command: npm run build-public
[info] ✔  hosting: Finished running predeploy script.
[debug] [2020-04-13T06:30:30.719Z] > [functions] package.json contents: {
  "name": "with-firebase-hosting-and-typescript",
  "version": "1.0.0",
  "description": "Host Next.js SSR app on Firebase Cloud Functions with Firebase Hosting redirects. Built with typescript.",
  "engines": {
    "node": "10"
  },
  "scripts": {
    "dev": "next src/app",
    "preserve": "npm run build-public && npm run build-functions && npm run build-app && npm run copy-deps && npm run install-deps",
    "serve": "cross-env NODE_ENV=production firebase serve",
    "deploy": "firebase deploy",
    "clean": "rimraf \"dist/functions\" && rimraf \"dist/public\"",
    "build-app": "next build \"src/app\"",
    "build-public": "cpx \"src/app/public/**/*.*\" \"dist/public\" -C",
    "build-functions": "tsc --project src/functions",
    "lint-app": "eslint \"src/app/**/*.{js,ts,tsx}\"",
    "typecheck-app": "tsc --project src/app",
    "lint-functions": "eslint \"src/functions/**/*.{js,ts,tsx}\"",
    "copy-deps": "cpx \"*{package.json,package-lock.json,yarn.lock}\" \"dist/functions\" -C",
    "install-deps": "cd \"dist/functions\" && npm i"
  },
  "dependencies": {
    "firebase-admin": "^8.10.0",
    "firebase-functions": "^3.6.0",
    "next": "latest",
    "react": "16.13.1",
    "react-dom": "16.13.1"
  },
  "devDependencies": {
    "@types/node": "13.11.1",
    "@types/react": "^16.9.34",
    "@types/react-dom": "16.9.6",
    "@typescript-eslint/eslint-plugin": "^2.27.0",
    "@typescript-eslint/parser": "^2.27.0",
    "babel-plugin-module-resolver": "^4.0.0",
    "cpx": "1.5.0",
    "cross-env": "7.0.2",
    "eslint": "^6.8.0",
    "eslint-config-airbnb": "^18.1.0",
    "eslint-config-prettier": "^6.10.1",
    "eslint-config-react": "^1.1.7",
    "eslint-import-resolver-babel-module": "^5.1.2",
    "eslint-import-resolver-typescript": "^2.0.0",
    "eslint-plugin-import": "^2.20.2",
    "eslint-plugin-jsx-a11y": "^6.2.3",
    "eslint-plugin-module-resolver": "^0.16.0",
    "eslint-plugin-prettier": "^3.1.3",
    "eslint-plugin-react": "^7.19.0",
    "eslint-plugin-react-hooks": "^3.0.0",
    "firebase-tools": "^8.0.2",
    "prettier": "^2.0.4",
    "rimraf": "3.0.2",
    "typescript": "^3.8.3"
  }
}
[info] i  functions: ensuring necessary APIs are enabled...
[debug] [2020-04-13T06:30:30.720Z] >>> HTTP REQUEST GET https://serviceusage.googleapis.com/v1/projects/nexivil-wiki-c068c/services/cloudfunctions.googleapis.com  
 
[debug] [2020-04-13T06:30:30.720Z] >>> HTTP REQUEST GET https://serviceusage.googleapis.com/v1/projects/nexivil-wiki-c068c/services/runtimeconfig.googleapis.com  
 
[debug] [2020-04-13T06:30:31.811Z] <<< HTTP RESPONSE 200 {"content-type":"application/json; charset=UTF-8","vary":"X-Origin, Referer, Origin,Accept-Encoding","date":"Mon, 13 Apr 2020 06:30:31 GMT","server":"ESF","cache-control":"private","x-xss-protection":"0","x-frame-options":"SAMEORIGIN","x-content-type-options":"nosniff","alt-svc":"quic=\":443\"; ma=2592000; v=\"46,43\",h3-Q050=\":443\"; ma=2592000,h3-Q049=\":443\"; ma=2592000,h3-Q048=\":443\"; ma=2592000,h3-Q046=\":443\"; ma=2592000,h3-Q043=\":443\"; ma=2592000,h3-T050=\":443\"; ma=2592000","accept-ranges":"none","transfer-encoding":"chunked"}
[debug] [2020-04-13T06:30:31.866Z] <<< HTTP RESPONSE 200 {"content-type":"application/json; charset=UTF-8","vary":"X-Origin, Referer, Origin,Accept-Encoding","date":"Mon, 13 Apr 2020 06:30:31 GMT","server":"ESF","cache-control":"private","x-xss-protection":"0","x-frame-options":"SAMEORIGIN","x-content-type-options":"nosniff","alt-svc":"quic=\":443\"; ma=2592000; v=\"46,43\",h3-Q050=\":443\"; ma=2592000,h3-Q049=\":443\"; ma=2592000,h3-Q048=\":443\"; ma=2592000,h3-Q046=\":443\"; ma=2592000,h3-Q043=\":443\"; ma=2592000,h3-T050=\":443\"; ma=2592000","accept-ranges":"none","transfer-encoding":"chunked"}
[info] ✔  functions: all necessary APIs are enabled
[debug] [2020-04-13T06:30:31.867Z] >>> HTTP REQUEST GET https://firebase.googleapis.com/v1beta1/projects/nexivil-wiki-c068c/adminSdkConfig  
 
[debug] [2020-04-13T06:30:32.275Z] <<< HTTP RESPONSE 200 {"content-type":"application/json; charset=UTF-8","vary":"X-Origin, Referer, Origin,Accept-Encoding","date":"Mon, 13 Apr 2020 06:30:32 GMT","server":"ESF","cache-control":"private","x-xss-protection":"0","x-frame-options":"SAMEORIGIN","x-content-type-options":"nosniff","alt-svc":"quic=\":443\"; ma=2592000; v=\"46,43\",h3-Q050=\":443\"; ma=2592000,h3-Q049=\":443\"; ma=2592000,h3-Q048=\":443\"; ma=2592000,h3-Q046=\":443\"; ma=2592000,h3-Q043=\":443\"; ma=2592000,h3-T050=\":443\"; ma=2592000","accept-ranges":"none","transfer-encoding":"chunked"}
[debug] [2020-04-13T06:30:32.277Z] >>> HTTP REQUEST POST https://firebasehosting.googleapis.com/v1beta1/sites/nexivil-wiki-c068c/versions  
 {"config":{"rewrites":[{"glob":"**/**","function":"nextApp"}]},"labels":{"deployment-tool":"cli-firebase"}}
[debug] [2020-04-13T06:30:33.550Z] <<< HTTP RESPONSE 200 {"content-type":"application/json; charset=UTF-8","vary":"X-Origin, Referer, Origin,Accept-Encoding","date":"Mon, 13 Apr 2020 06:30:33 GMT","server":"ESF","cache-control":"private","x-xss-protection":"0","x-frame-options":"SAMEORIGIN","x-content-type-options":"nosniff","alt-svc":"quic=\":443\"; ma=2592000; v=\"46,43\",h3-Q050=\":443\"; ma=2592000,h3-Q049=\":443\"; ma=2592000,h3-Q048=\":443\"; ma=2592000,h3-Q046=\":443\"; ma=2592000,h3-Q043=\":443\"; ma=2592000,h3-T050=\":443\"; ma=2592000","accept-ranges":"none","transfer-encoding":"chunked"}
[info] i  functions: preparing dist/functions directory for uploading...
[debug] [2020-04-13T06:30:33.553Z] >>> HTTP REQUEST GET https://runtimeconfig.googleapis.com/v1beta1/projects/nexivil-wiki-c068c/configs  
 
[debug] [2020-04-13T06:30:33.957Z] <<< HTTP RESPONSE 200 {"content-type":"application/json; charset=UTF-8","vary":"X-Origin, Referer, Origin,Accept-Encoding","date":"Mon, 13 Apr 2020 06:30:33 GMT","server":"ESF","cache-control":"private","x-xss-protection":"0","x-frame-options":"SAMEORIGIN","x-content-type-options":"nosniff","alt-svc":"quic=\":443\"; ma=2592000; v=\"46,43\",h3-Q050=\":443\"; ma=2592000,h3-Q049=\":443\"; ma=2592000,h3-Q048=\":443\"; ma=2592000,h3-Q046=\":443\"; ma=2592000,h3-Q043=\":443\"; ma=2592000,h3-T050=\":443\"; ma=2592000","accept-ranges":"none","transfer-encoding":"chunked"}
[info] i  functions: packaged dist/functions (857.13 KB) for uploading
[debug] [2020-04-13T06:30:34.990Z] >>> HTTP REQUEST GET https://cloudfunctions.googleapis.com/v1/projects/nexivil-wiki-c068c/locations/-/functions  
 
[debug] [2020-04-13T06:30:35.588Z] <<< HTTP RESPONSE 200 {"content-type":"application/json; charset=UTF-8","vary":"X-Origin, Referer, Origin,Accept-Encoding","date":"Mon, 13 Apr 2020 06:30:35 GMT","server":"ESF","cache-control":"private","x-xss-protection":"0","x-frame-options":"SAMEORIGIN","x-content-type-options":"nosniff","alt-svc":"quic=\":443\"; ma=2592000; v=\"46,43\",h3-Q050=\":443\"; ma=2592000,h3-Q049=\":443\"; ma=2592000,h3-Q048=\":443\"; ma=2592000,h3-Q046=\":443\"; ma=2592000,h3-Q043=\":443\"; ma=2592000,h3-T050=\":443\"; ma=2592000","accept-ranges":"none","transfer-encoding":"chunked"}
[debug] [2020-04-13T06:30:35.590Z] >>> HTTP REQUEST POST https://cloudfunctions.googleapis.com/v1/projects/nexivil-wiki-c068c/locations/us-central1/functions:generateUploadUrl  
 
[debug] [2020-04-13T06:30:36.387Z] <<< HTTP RESPONSE 200 {"content-type":"application/json; charset=UTF-8","vary":"X-Origin, Referer, Origin,Accept-Encoding","date":"Mon, 13 Apr 2020 06:30:36 GMT","server":"ESF","cache-control":"private","x-xss-protection":"0","x-frame-options":"SAMEORIGIN","x-content-type-options":"nosniff","alt-svc":"quic=\":443\"; ma=2592000; v=\"46,43\",h3-Q050=\":443\"; ma=2592000,h3-Q049=\":443\"; ma=2592000,h3-Q048=\":443\"; ma=2592000,h3-Q046=\":443\"; ma=2592000,h3-Q043=\":443\"; ma=2592000,h3-T050=\":443\"; ma=2592000","accept-ranges":"none","transfer-encoding":"chunked"}
[debug] [2020-04-13T06:30:36.387Z] >>> HTTP REQUEST PUT https://storage.googleapis.com/gcf-upload-us-central1-a8ccd402-350d-4717-b181-22b8ffc8db2e/28083b9b-aec1-45a8-b199-aa25077acc27.zip?GoogleAccessId=service-433847456542@gcf-admin-robot.iam.gserviceaccount.com&Expires=1586761236&Signature=ffohPbP3Fvq2g4WUPlC%2BQh7a9k%2FKYxV0jeqpxWBq3Kc14sYXI8LP2wAPn2xp8DPd4ce%2B5Huux6luPokc5bzeY2EvzuyXLWj7lE3ASCzhvTAqjBgg75MgAnDdXh1WQCcw5y6Zzk1aoFIEJtpXcOzrkmDPCXPb2JcbWBwKsPMft7ztgGeD%2F7%2FyCnHIPfKGxV8uqdymHMIh0MX7aHMMZrZovlLcAk%2BlyIfCyLnB%2FthcPta2qNfqFHX11Iy1S4qe2D%2Bls6FT7bVy%2F7Nsn4GqlhYdBsHWD4G8ByCe1Z67V9usdepi7%2FDrwcFSVdKq7IDy8mS9MWfg7c%2BHL9YXw6YSu%2F05Eg%3D%3D  
 <request body omitted>
[debug] [2020-04-13T06:30:37.115Z] <<< HTTP RESPONSE 200 {"x-guploader-uploadid":"AEnB2Upubid3w3BRoUUIDUWPMMbEo0CCrRIvN7O2HxY7UnkdfYjwT_dB5jlld1rZi54loLnh-bByApDeJjH7IHtglfU9gppUBA","etag":"\"37c1f55529ed5d82cc2bf393f96c01e5\"","x-goog-generation":"1586759437029156","x-goog-metageneration":"1","x-goog-hash":"crc32c=9/zBrQ==, md5=N8H1VSntXYLMK/OT+WwB5Q==","x-goog-stored-content-length":"877696","x-goog-stored-content-encoding":"identity","vary":"Origin","content-length":"0","date":"Mon, 13 Apr 2020 06:30:37 GMT","server":"UploadServer","content-type":"text/html; charset=UTF-8","alt-svc":"quic=\":443\"; ma=2592000; v=\"46,43\",h3-Q050=\":443\"; ma=2592000,h3-Q049=\":443\"; ma=2592000,h3-Q048=\":443\"; ma=2592000,h3-Q046=\":443\"; ma=2592000,h3-Q043=\":443\"; ma=2592000,h3-T050=\":443\"; ma=2592000"}
[info] ✔  functions: dist/functions folder uploaded successfully
[info] i  hosting[nexivil-wiki-c068c]: beginning deploy...
[info] i  hosting[nexivil-wiki-c068c]: found 1 files in dist/public
[debug] [2020-04-13T06:30:37.134Z] [hosting] hash cache [ZGlzdC9wdWJsaWM] stored for 1 files
[debug] [2020-04-13T06:30:37.135Z] [hosting][hash queue][FINAL] {"max":2,"min":2,"avg":2,"active":0,"complete":1,"success":1,"errored":0,"retried":0,"total":1,"elapsed":4}
[debug] [2020-04-13T06:30:37.135Z] >>> HTTP REQUEST POST https://firebasehosting.googleapis.com/v1beta1/sites/nexivil-wiki-c068c/versions/9a44d4c55f05ba8a:populateFiles  
 <request body omitted>
[debug] [2020-04-13T06:30:38.322Z] <<< HTTP RESPONSE 200 {"content-type":"application/json; charset=UTF-8","vary":"X-Origin, Referer, Origin,Accept-Encoding","date":"Mon, 13 Apr 2020 06:30:38 GMT","server":"ESF","cache-control":"private","x-xss-protection":"0","x-frame-options":"SAMEORIGIN","x-content-type-options":"nosniff","alt-svc":"quic=\":443\"; ma=2592000; v=\"46,43\",h3-Q050=\":443\"; ma=2592000,h3-Q049=\":443\"; ma=2592000,h3-Q048=\":443\"; ma=2592000,h3-Q046=\":443\"; ma=2592000,h3-Q043=\":443\"; ma=2592000,h3-T050=\":443\"; ma=2592000","accept-ranges":"none","transfer-encoding":"chunked"}
[debug] [2020-04-13T06:30:38.322Z] [hosting][populate queue][FINAL] {"max":1188,"min":1188,"avg":1188,"active":0,"complete":1,"success":1,"errored":0,"retried":0,"total":1,"elapsed":1188}
[debug] [2020-04-13T06:30:38.323Z] [hosting] uploads queued: 0
[debug] [2020-04-13T06:30:38.323Z] [hosting][upload queue][FINAL] {"max":0,"min":9999999999,"avg":0,"active":0,"complete":0,"success":0,"errored":0,"retried":0,"total":0,"elapsed":1586759438323}
[info] ✔  hosting[nexivil-wiki-c068c]: file upload complete
[debug] [2020-04-13T06:30:38.323Z] [hosting] deploy completed after 1207ms
[info] i  functions: updating Node.js 10 (Beta) function nextApp(us-central1)...
[debug] [2020-04-13T06:30:38.508Z] Trigger is:  {"httpsTrigger":{}}
[debug] [2020-04-13T06:30:38.509Z] >>> HTTP REQUEST GET https://serviceusage.googleapis.com/v1/projects/nexivil-wiki-c068c/services/cloudscheduler.googleapis.com  
 
[debug] [2020-04-13T06:30:39.571Z] <<< HTTP RESPONSE 200 {"content-type":"application/json; charset=UTF-8","vary":"X-Origin, Referer, Origin,Accept-Encoding","date":"Mon, 13 Apr 2020 06:30:39 GMT","server":"ESF","cache-control":"private","x-xss-protection":"0","x-frame-options":"SAMEORIGIN","x-content-type-options":"nosniff","alt-svc":"quic=\":443\"; ma=2592000; v=\"46,43\",h3-Q050=\":443\"; ma=2592000,h3-Q049=\":443\"; ma=2592000,h3-Q048=\":443\"; ma=2592000,h3-Q046=\":443\"; ma=2592000,h3-Q043=\":443\"; ma=2592000,h3-T050=\":443\"; ma=2592000","accept-ranges":"none","transfer-encoding":"chunked"}
[debug] [2020-04-13T06:30:39.572Z] >>> HTTP REQUEST PATCH https://cloudfunctions.googleapis.com/v1/projects/nexivil-wiki-c068c/locations/us-central1/functions/nextApp {"updateMask":"sourceUploadUrl,name,labels,runtime,httpsTrigger"} 
 {"sourceUploadUrl":"https://storage.googleapis.com/gcf-upload-us-central1-a8ccd402-350d-4717-b181-22b8ffc8db2e/28083b9b-aec1-45a8-b199-aa25077acc27.zip?GoogleAccessId=service-433847456542@gcf-admin-robot.iam.gserviceaccount.com&Expires=1586761236&Signature=ffohPbP3Fvq2g4WUPlC%2BQh7a9k%2FKYxV0jeqpxWBq3Kc14sYXI8LP2wAPn2xp8DPd4ce%2B5Huux6luPokc5bzeY2EvzuyXLWj7lE3ASCzhvTAqjBgg75MgAnDdXh1WQCcw5y6Zzk1aoFIEJtpXcOzrkmDPCXPb2JcbWBwKsPMft7ztgGeD%2F7%2FyCnHIPfKGxV8uqdymHMIh0MX7aHMMZrZovlLcAk%2BlyIfCyLnB%2FthcPta2qNfqFHX11Iy1S4qe2D%2Bls6FT7bVy%2F7Nsn4GqlhYdBsHWD4G8ByCe1Z67V9usdepi7%2FDrwcFSVdKq7IDy8mS9MWfg7c%2BHL9YXw6YSu%2F05Eg%3D%3D","name":"projects/nexivil-wiki-c068c/locations/us-central1/functions/nextApp","labels":{"deployment-tool":"cli-firebase"},"httpsTrigger":{},"runtime":"nodejs10"}
[debug] [2020-04-13T06:30:40.236Z] <<< HTTP RESPONSE 200 {"content-type":"application/json; charset=UTF-8","vary":"X-Origin, Referer, Origin,Accept-Encoding","date":"Mon, 13 Apr 2020 06:30:40 GMT","server":"ESF","cache-control":"private","x-xss-protection":"0","x-frame-options":"SAMEORIGIN","x-content-type-options":"nosniff","alt-svc":"quic=\":443\"; ma=2592000; v=\"46,43\",h3-Q050=\":443\"; ma=2592000,h3-Q049=\":443\"; ma=2592000,h3-Q048=\":443\"; ma=2592000,h3-Q046=\":443\"; ma=2592000,h3-Q043=\":443\"; ma=2592000,h3-T050=\":443\"; ma=2592000","accept-ranges":"none","transfer-encoding":"chunked"}
[debug] [2020-04-13T06:30:40.237Z] >>> HTTP REQUEST GET https://cloudfunctions.googleapis.com/v1/projects/nexivil-wiki-c068c/locations/-/functions  
 
[debug] [2020-04-13T06:30:40.716Z] <<< HTTP RESPONSE 200 {"content-type":"application/json; charset=UTF-8","vary":"X-Origin, Referer, Origin,Accept-Encoding","date":"Mon, 13 Apr 2020 06:30:40 GMT","server":"ESF","cache-control":"private","x-xss-protection":"0","x-frame-options":"SAMEORIGIN","x-content-type-options":"nosniff","alt-svc":"quic=\":443\"; ma=2592000; v=\"46,43\",h3-Q050=\":443\"; ma=2592000,h3-Q049=\":443\"; ma=2592000,h3-Q048=\":443\"; ma=2592000,h3-Q046=\":443\"; ma=2592000,h3-Q043=\":443\"; ma=2592000,h3-T050=\":443\"; ma=2592000","accept-ranges":"none","transfer-encoding":"chunked"}
[debug] [2020-04-13T06:30:40.717Z] >>> HTTP REQUEST GET https://cloudfunctions.googleapis.com/v1/operations/bmV4aXZpbC13aWtpLWMwNjhjL3VzLWNlbnRyYWwxL25leHRBcHAvVDZvSVgxTXNtdzg  
 
[debug] [2020-04-13T06:30:41.105Z] <<< HTTP RESPONSE 200 {"content-type":"application/json; charset=UTF-8","vary":"X-Origin, Referer, Origin,Accept-Encoding","date":"Mon, 13 Apr 2020 06:30:41 GMT","server":"ESF","cache-control":"private","x-xss-protection":"0","x-frame-options":"SAMEORIGIN","x-content-type-options":"nosniff","alt-svc":"quic=\":443\"; ma=2592000; v=\"46,43\",h3-Q050=\":443\"; ma=2592000,h3-Q049=\":443\"; ma=2592000,h3-Q048=\":443\"; ma=2592000,h3-Q046=\":443\"; ma=2592000,h3-Q043=\":443\"; ma=2592000,h3-T050=\":443\"; ma=2592000","accept-ranges":"none","transfer-encoding":"chunked"}
